<?xml version="1.0" encoding="UTF-8"?>
<!-- Generated by org.testng.reporters.JUnitReportReporter -->
<testsuite hostname="Affle-Laptop-340" failures="0" tests="1" name="vaidikappiumtraining.MobileBrowserTest" time="2.972" errors="0" timestamp="2023-05-24T17:39:59 IST" skipped="0">
  <testcase classname="vaidikappiumtraining.MobileBrowserTest" name="browserTest" time="2.972"/>
  <system-out/>
</testsuite> <!-- vaidikappiumtraining.MobileBrowserTest -->
