<?xml version="1.0" encoding="UTF-8"?>
<!-- Generated by org.testng.reporters.JUnitReportReporter -->
<testsuite hostname="Affle-Laptop-340" failures="0" tests="1" name="vaidikappiumtraining.eCommerce_tc_3" time="19.264" errors="0" timestamp="2023-05-23T13:36:17 IST" skipped="0">
  <testcase classname="vaidikappiumtraining.eCommerce_tc_3" name="validateTotalAmount" time="19.264"/>
  <system-out/>
</testsuite> <!-- vaidikappiumtraining.eCommerce_tc_3 -->
