<?xml version="1.0" encoding="UTF-8"?>
<!-- Generated by org.testng.reporters.JUnitReportReporter -->
<testsuite hostname="Affle-Laptop-340" failures="0" tests="1" name="vaidikappiumtraining.eCommerce_tc_2" time="17.862" errors="0" timestamp="2023-05-17T11:17:39 IST" skipped="0">
  <testcase classname="vaidikappiumtraining.eCommerce_tc_2" name="addProdctToCart" time="17.862"/>
  <system-out/>
</testsuite> <!-- vaidikappiumtraining.eCommerce_tc_2 -->
