<?xml version="1.0" encoding="UTF-8"?>
<!-- Generated by org.testng.reporters.JUnitReportReporter -->
<testsuite hostname="Affle-Laptop-340" failures="0" tests="1" name="vaidikappiumtraining.DialogWithMessage" time="18.190" errors="0" timestamp="2023-05-17T09:40:16 IST" skipped="0">
  <testcase classname="vaidikappiumtraining.DialogWithMessage" name="UltraLongMessage" time="18.190"/>
  <system-out/>
</testsuite> <!-- vaidikappiumtraining.DialogWithMessage -->
