<?xml version="1.0" encoding="UTF-8"?>
<!-- Generated by org.testng.reporters.JUnitReportReporter -->
<testsuite hostname="Affle-Laptop-340" failures="0" tests="1" name="vaidikappiumtraining.SwipeDemoTest" time="4.407" errors="0" timestamp="2023-05-08T12:52:53 IST" skipped="0">
  <testcase classname="vaidikappiumtraining.SwipeDemoTest" name="swipeGesture" time="4.407"/>
  <system-out/>
</testsuite> <!-- vaidikappiumtraining.SwipeDemoTest -->
