<?xml version="1.0" encoding="UTF-8"?>
<!-- Generated by org.testng.reporters.JUnitReportReporter -->
<testsuite hostname="Affle-Laptop-340" failures="0" tests="1" name="vaidikappiumtraining.eCommerce_tc_4_Hybrid" time="30.828" errors="0" timestamp="2023-05-23T19:00:24 IST" skipped="0">
  <testcase classname="vaidikappiumtraining.eCommerce_tc_4_Hybrid" name="validateHybridApp" time="30.828"/>
  <system-out/>
</testsuite> <!-- vaidikappiumtraining.eCommerce_tc_4_Hybrid -->
