<?xml version="1.0" encoding="UTF-8"?>
<!-- Generated by org.testng.reporters.JUnitReportReporter -->
<testsuite hostname="Affle-Laptop-340" failures="0" tests="1" name="vaidikappiumtraining.eCommerce_tc_1" time="13.254" errors="0" timestamp="2023-05-17T10:02:37 IST" skipped="0">
  <testcase classname="vaidikappiumtraining.eCommerce_tc_1" name="FillForm" time="13.254"/>
  <system-out/>
</testsuite> <!-- vaidikappiumtraining.eCommerce_tc_1 -->
