<?xml version="1.0" encoding="UTF-8"?>
<!-- Generated by org.testng.reporters.JUnitReportReporter -->
<testsuite hostname="Affle-Laptop-340" failures="0" tests="1" name="vaidikappiumtraining.eCommerce_tc_01" time="4.156" errors="0" timestamp="2023-05-17T09:58:08 IST" skipped="0">
  <testcase classname="vaidikappiumtraining.eCommerce_tc_01" name="RegistrationForm" time="4.156"/>
  <system-out/>
</testsuite> <!-- vaidikappiumtraining.eCommerce_tc_01 -->
