<?xml version="1.0" encoding="UTF-8"?>
<!-- Generated by org.testng.reporters.JUnitReportReporter -->
<testsuite hostname="Affle-Laptop-340" failures="0" tests="1" name="vaidikappiumtraining.ScrollGesture" time="10.764" errors="0" timestamp="2023-05-09T11:56:42 IST" skipped="0">
  <testcase classname="vaidikappiumtraining.ScrollGesture" name="scrollGestureDemo" time="10.764"/>
  <system-out/>
</testsuite> <!-- vaidikappiumtraining.ScrollGesture -->
