<?xml version="1.0" encoding="UTF-8"?>
<!-- Generated by org.testng.reporters.JUnitReportReporter -->
<testsuite hostname="Affle-Laptop-340" failures="0" tests="1" name="vaidikappiumtraining.RepeatAlarmCheckBox" time="6.269" errors="0" timestamp="2023-05-09T12:17:01 IST" skipped="0">
  <testcase classname="vaidikappiumtraining.RepeatAlarmCheckBox" name="alarmCheckBox" time="6.269"/>
  <system-out/>
</testsuite> <!-- vaidikappiumtraining.RepeatAlarmCheckBox -->
