<?xml version="1.0" encoding="UTF-8"?>
<!-- Generated by org.testng.reporters.JUnitReportReporter -->
<testsuite hostname="Affle-Laptop-340" failures="0" tests="1" name="vaidikappiumtraining.DragDropDemo" time="6.197" errors="0" timestamp="2023-05-16T19:08:03 IST" skipped="0">
  <testcase classname="vaidikappiumtraining.DragDropDemo" name="dragDrop" time="6.197"/>
  <system-out/>
</testsuite> <!-- vaidikappiumtraining.DragDropDemo -->
